Loaded 503 S&P 500 ticker(s) for cache pass (years=[2021, 2022, 2023, 2024, 2025])
[1/503] MMM: skipped (API key restricted)
[2/503] AOS: skipped (API key restricted)
[3/503] ABT: skipped (API key restricted)
[4/503] ABBV: skipped (API key restricted)
[5/503] ACN: skipped (API key restricted)
[6/503] ADBE: skipped (API key restricted)
[7/503] AMD: skipped (API key restricted)
[8/503] AES: skipped (API key restricted)
[9/503] AFL: skipped (API key restricted)
[10/503] A: skipped (API key restricted)
[11/503] APD: skipped (API key restricted)
[12/503] ABNB: skipped (API key restricted)
[13/503] AKAM: skipped (API key restricted)
[14/503] ALB: skipped (API key restricted)
[15/503] ARE: skipped (API key restricted)
[16/503] ALGN: skipped (API key restricted)
[17/503] ALLE: skipped (API key restricted)
[18/503] LNT: skipped (API key restricted)
[19/503] ALL: skipped (API key restricted)
[20/503] GOOGL: skipped (API key restricted)
[21/503] GOOG: skipped (API key restricted)
[22/503] MO: skipped (API key restricted)
[23/503] AMZN: skipped (API key restricted)
[24/503] AMCR: skipped (API key restricted)
[25/503] AEE: skipped (API key restricted)
[26/503] AEP: skipped (API key restricted)
[27/503] AXP: skipped (API key restricted)
[28/503] AIG: skipped (API key restricted)
[29/503] AMT: skipped (API key restricted)
[30/503] AWK: skipped (API key restricted)
[31/503] AMP: skipped (API key restricted)
[32/503] AME: skipped (API key restricted)
[33/503] AMGN: skipped (API key restricted)
[34/503] APH: skipped (API key restricted)
[35/503] ADI: skipped (API key restricted)
[36/503] AON: skipped (API key restricted)
[37/503] APA: skipped (API key restricted)
[38/503] APO: skipped (API key restricted)
Transcript cache: loaded 20 from cache, fetched 0 via API for AAPL
[39/503] AAPL: cached/loaded 20 transcript(s)
[40/503] AMAT: skipped (API key restricted)
[41/503] APTV: skipped (API key restricted)
[42/503] ACGL: skipped (API key restricted)
[43/503] ADM: skipped (API key restricted)
[44/503] ANET: skipped (API key restricted)
[45/503] AJG: skipped (API key restricted)
[46/503] AIZ: skipped (API key restricted)
[47/503] T: skipped (API key restricted)
[48/503] ATO: skipped (API key restricted)
[49/503] ADSK: skipped (API key restricted)
[50/503] ADP: skipped (API key restricted)
[51/503] AZO: skipped (API key restricted)
[52/503] AVB: skipped (API key restricted)
[53/503] AVY: skipped (API key restricted)
[54/503] AXON: skipped (API key restricted)
[55/503] BKR: skipped (API key restricted)
[56/503] BALL: skipped (API key restricted)
[57/503] BAC: skipped (API key restricted)
[58/503] BAX: skipped (API key restricted)
[59/503] BDX: skipped (API key restricted)
[60/503] BRK-B: skipped (API key restricted)
[61/503] BBY: skipped (API key restricted)
[62/503] TECH: skipped (API key restricted)
[63/503] BIIB: skipped (API key restricted)
[64/503] BLK: skipped (API key restricted)
[65/503] BX: skipped (API key restricted)
[66/503] XYZ: skipped (API key restricted)
[67/503] BK: skipped (API key restricted)
[68/503] BA: skipped (API key restricted)
[69/503] BKNG: skipped (API key restricted)
[70/503] BSX: skipped (API key restricted)
[71/503] BMY: skipped (API key restricted)
[72/503] AVGO: skipped (API key restricted)
[73/503] BR: skipped (API key restricted)
[74/503] BRO: skipped (API key restricted)
[75/503] BF-B: skipped (API key restricted)
[76/503] BLDR: skipped (API key restricted)
[77/503] BG: skipped (API key restricted)
[78/503] BXP: skipped (API key restricted)
[79/503] CHRW: skipped (API key restricted)
[80/503] CDNS: skipped (API key restricted)
[81/503] CZR: skipped (API key restricted)
[82/503] CPT: skipped (API key restricted)
[83/503] CPB: skipped (API key restricted)
[84/503] COF: skipped (API key restricted)
[85/503] CAH: skipped (API key restricted)
[86/503] KMX: skipped (API key restricted)
[87/503] CCL: skipped (API key restricted)
[88/503] CARR: skipped (API key restricted)
[89/503] CAT: skipped (API key restricted)
[90/503] CBOE: skipped (API key restricted)
[91/503] CBRE: skipped (API key restricted)
[92/503] CDW: skipped (API key restricted)
[93/503] COR: skipped (API key restricted)
[94/503] CNC: skipped (API key restricted)
[95/503] CNP: skipped (API key restricted)
[96/503] CF: skipped (API key restricted)
[97/503] CRL: skipped (API key restricted)
[98/503] SCHW: skipped (API key restricted)
[99/503] CHTR: skipped (API key restricted)
[100/503] CVX: skipped (API key restricted)
[101/503] CMG: skipped (API key restricted)
[102/503] CB: skipped (API key restricted)
[103/503] CHD: skipped (API key restricted)
[104/503] CI: skipped (API key restricted)
[105/503] CINF: skipped (API key restricted)
[106/503] CTAS: skipped (API key restricted)
[107/503] CSCO: skipped (API key restricted)
[108/503] C: skipped (API key restricted)
[109/503] CFG: skipped (API key restricted)
[110/503] CLX: skipped (API key restricted)
[111/503] CME: skipped (API key restricted)
[112/503] CMS: skipped (API key restricted)
[113/503] KO: skipped (API key restricted)
[114/503] CTSH: skipped (API key restricted)
[115/503] COIN: skipped (API key restricted)
[116/503] CL: skipped (API key restricted)
[117/503] CMCSA: skipped (API key restricted)
[118/503] CAG: skipped (API key restricted)
[119/503] COP: skipped (API key restricted)
[120/503] ED: skipped (API key restricted)
[121/503] STZ: skipped (API key restricted)
[122/503] CEG: skipped (API key restricted)
[123/503] COO: skipped (API key restricted)
[124/503] CPRT: skipped (API key restricted)
[125/503] GLW: skipped (API key restricted)
[126/503] CPAY: skipped (API key restricted)
[127/503] CTVA: skipped (API key restricted)
[128/503] CSGP: skipped (API key restricted)
[129/503] COST: skipped (API key restricted)
[130/503] CTRA: skipped (API key restricted)
[131/503] CRWD: skipped (API key restricted)
[132/503] CCI: skipped (API key restricted)
[133/503] CSX: skipped (API key restricted)
[134/503] CMI: skipped (API key restricted)
[135/503] CVS: skipped (API key restricted)
[136/503] DHR: skipped (API key restricted)
[137/503] DRI: skipped (API key restricted)
[138/503] DDOG: skipped (API key restricted)
[139/503] DVA: skipped (API key restricted)
[140/503] DAY: skipped (API key restricted)
[141/503] DECK: skipped (API key restricted)
[142/503] DE: skipped (API key restricted)
[143/503] DELL: skipped (API key restricted)
[144/503] DAL: skipped (API key restricted)
[145/503] DVN: skipped (API key restricted)
[146/503] DXCM: skipped (API key restricted)
[147/503] FANG: skipped (API key restricted)
[148/503] DLR: skipped (API key restricted)
[149/503] DG: skipped (API key restricted)
[150/503] DLTR: skipped (API key restricted)
[151/503] D: skipped (API key restricted)
[152/503] DPZ: skipped (API key restricted)
[153/503] DASH: skipped (API key restricted)
[154/503] DOV: skipped (API key restricted)
[155/503] DOW: skipped (API key restricted)
[156/503] DHI: skipped (API key restricted)
[157/503] DTE: skipped (API key restricted)
[158/503] DUK: skipped (API key restricted)
[159/503] DD: skipped (API key restricted)
[160/503] EMN: skipped (API key restricted)
[161/503] ETN: skipped (API key restricted)
[162/503] EBAY: skipped (API key restricted)
[163/503] ECL: skipped (API key restricted)
[164/503] EIX: skipped (API key restricted)
[165/503] EW: skipped (API key restricted)
[166/503] EA: skipped (API key restricted)
[167/503] ELV: skipped (API key restricted)
[168/503] EMR: skipped (API key restricted)
[169/503] ENPH: skipped (API key restricted)
[170/503] ETR: skipped (API key restricted)
[171/503] EOG: skipped (API key restricted)
[172/503] EPAM: skipped (API key restricted)
[173/503] EQT: skipped (API key restricted)
[174/503] EFX: skipped (API key restricted)
[175/503] EQIX: skipped (API key restricted)
[176/503] EQR: skipped (API key restricted)
[177/503] ERIE: skipped (API key restricted)
[178/503] ESS: skipped (API key restricted)
[179/503] EL: skipped (API key restricted)
[180/503] EG: skipped (API key restricted)
[181/503] EVRG: skipped (API key restricted)
[182/503] ES: skipped (API key restricted)
[183/503] EXC: skipped (API key restricted)
[184/503] EXE: skipped (API key restricted)
[185/503] EXPE: skipped (API key restricted)
[186/503] EXPD: skipped (API key restricted)
[187/503] EXR: skipped (API key restricted)
[188/503] XOM: skipped (API key restricted)
[189/503] FFIV: skipped (API key restricted)
[190/503] FDS: skipped (API key restricted)
[191/503] FICO: skipped (API key restricted)
[192/503] FAST: skipped (API key restricted)
[193/503] FRT: skipped (API key restricted)
[194/503] FDX: skipped (API key restricted)
[195/503] FIS: skipped (API key restricted)
[196/503] FITB: skipped (API key restricted)
[197/503] FSLR: skipped (API key restricted)
[198/503] FE: skipped (API key restricted)
[199/503] FI: skipped (API key restricted)
[200/503] F: skipped (API key restricted)
[201/503] FTNT: skipped (API key restricted)
[202/503] FTV: skipped (API key restricted)
[203/503] FOXA: skipped (API key restricted)
[204/503] FOX: skipped (API key restricted)
[205/503] BEN: skipped (API key restricted)
[206/503] FCX: skipped (API key restricted)
[207/503] GRMN: skipped (API key restricted)
[208/503] IT: skipped (API key restricted)
[209/503] GE: skipped (API key restricted)
[210/503] GEHC: skipped (API key restricted)
[211/503] GEV: skipped (API key restricted)
[212/503] GEN: skipped (API key restricted)
[213/503] GNRC: skipped (API key restricted)
[214/503] GD: skipped (API key restricted)
[215/503] GIS: skipped (API key restricted)
[216/503] GM: skipped (API key restricted)
[217/503] GPC: skipped (API key restricted)
[218/503] GILD: skipped (API key restricted)
[219/503] GPN: skipped (API key restricted)
[220/503] GL: skipped (API key restricted)
[221/503] GDDY: skipped (API key restricted)
[222/503] GS: skipped (API key restricted)
[223/503] HAL: skipped (API key restricted)
[224/503] HIG: skipped (API key restricted)
[225/503] HAS: skipped (API key restricted)
[226/503] HCA: skipped (API key restricted)
[227/503] DOC: skipped (API key restricted)
[228/503] HSIC: skipped (API key restricted)
[229/503] HSY: skipped (API key restricted)
[230/503] HPE: skipped (API key restricted)
[231/503] HLT: skipped (API key restricted)
[232/503] HOLX: skipped (API key restricted)
[233/503] HD: skipped (API key restricted)
[234/503] HON: skipped (API key restricted)
[235/503] HRL: skipped (API key restricted)
[236/503] HST: skipped (API key restricted)
[237/503] HWM: skipped (API key restricted)
[238/503] HPQ: skipped (API key restricted)
[239/503] HUBB: skipped (API key restricted)
[240/503] HUM: skipped (API key restricted)
[241/503] HBAN: skipped (API key restricted)
[242/503] HII: skipped (API key restricted)
[243/503] IBM: skipped (API key restricted)
[244/503] IEX: skipped (API key restricted)
[245/503] IDXX: skipped (API key restricted)
[246/503] ITW: skipped (API key restricted)
[247/503] INCY: skipped (API key restricted)
[248/503] IR: skipped (API key restricted)
[249/503] PODD: skipped (API key restricted)
[250/503] INTC: skipped (API key restricted)
[251/503] ICE: skipped (API key restricted)
[252/503] IFF: skipped (API key restricted)
[253/503] IP: skipped (API key restricted)
[254/503] IPG: skipped (API key restricted)
[255/503] INTU: skipped (API key restricted)
[256/503] ISRG: skipped (API key restricted)
[257/503] IVZ: skipped (API key restricted)
[258/503] INVH: skipped (API key restricted)
[259/503] IQV: skipped (API key restricted)
[260/503] IRM: skipped (API key restricted)
[261/503] JBHT: skipped (API key restricted)
[262/503] JBL: skipped (API key restricted)
[263/503] JKHY: skipped (API key restricted)
[264/503] J: skipped (API key restricted)
[265/503] JNJ: skipped (API key restricted)
[266/503] JCI: skipped (API key restricted)
[267/503] JPM: skipped (API key restricted)
[268/503] K: skipped (API key restricted)
[269/503] KVUE: skipped (API key restricted)
[270/503] KDP: skipped (API key restricted)
[271/503] KEY: skipped (API key restricted)
[272/503] KEYS: skipped (API key restricted)
[273/503] KMB: skipped (API key restricted)
[274/503] KIM: skipped (API key restricted)
[275/503] KMI: skipped (API key restricted)
[276/503] KKR: skipped (API key restricted)
[277/503] KLAC: skipped (API key restricted)
[278/503] KHC: skipped (API key restricted)
[279/503] KR: skipped (API key restricted)
[280/503] LHX: skipped (API key restricted)
[281/503] LH: skipped (API key restricted)
[282/503] LRCX: skipped (API key restricted)
[283/503] LW: skipped (API key restricted)
[284/503] LVS: skipped (API key restricted)
[285/503] LDOS: skipped (API key restricted)
[286/503] LEN: skipped (API key restricted)
[287/503] LII: skipped (API key restricted)
[288/503] LLY: skipped (API key restricted)
[289/503] LIN: skipped (API key restricted)
[290/503] LYV: skipped (API key restricted)
[291/503] LKQ: skipped (API key restricted)
[292/503] LMT: skipped (API key restricted)
[293/503] L: skipped (API key restricted)
[294/503] LOW: skipped (API key restricted)
[295/503] LULU: skipped (API key restricted)
[296/503] LYB: skipped (API key restricted)
[297/503] MTB: skipped (API key restricted)
[298/503] MPC: skipped (API key restricted)
[299/503] MKTX: skipped (API key restricted)
[300/503] MAR: skipped (API key restricted)
[301/503] MMC: skipped (API key restricted)
[302/503] MLM: skipped (API key restricted)
[303/503] MAS: skipped (API key restricted)
[304/503] MA: skipped (API key restricted)
[305/503] MTCH: skipped (API key restricted)
[306/503] MKC: skipped (API key restricted)
[307/503] MCD: skipped (API key restricted)
[308/503] MCK: skipped (API key restricted)
[309/503] MDT: skipped (API key restricted)
[310/503] MRK: skipped (API key restricted)
[311/503] META: skipped (API key restricted)
[312/503] MET: skipped (API key restricted)
[313/503] MTD: skipped (API key restricted)
[314/503] MGM: skipped (API key restricted)
[315/503] MCHP: skipped (API key restricted)
[316/503] MU: skipped (API key restricted)
Transcript cache: loaded 20 from cache, fetched 0 via API for MSFT
[317/503] MSFT: cached/loaded 20 transcript(s)
[318/503] MAA: skipped (API key restricted)
[319/503] MRNA: skipped (API key restricted)
[320/503] MHK: skipped (API key restricted)
[321/503] MOH: skipped (API key restricted)
[322/503] TAP: skipped (API key restricted)
[323/503] MDLZ: skipped (API key restricted)
[324/503] MPWR: skipped (API key restricted)
[325/503] MNST: skipped (API key restricted)
[326/503] MCO: skipped (API key restricted)
[327/503] MS: skipped (API key restricted)
[328/503] MOS: skipped (API key restricted)
[329/503] MSI: skipped (API key restricted)
[330/503] MSCI: skipped (API key restricted)
[331/503] NDAQ: skipped (API key restricted)
[332/503] NTAP: skipped (API key restricted)
[333/503] NFLX: skipped (API key restricted)
[334/503] NEM: skipped (API key restricted)
[335/503] NWSA: skipped (API key restricted)
[336/503] NWS: skipped (API key restricted)
[337/503] NEE: skipped (API key restricted)
[338/503] NKE: skipped (API key restricted)
[339/503] NI: skipped (API key restricted)
[340/503] NDSN: skipped (API key restricted)
[341/503] NSC: skipped (API key restricted)
[342/503] NTRS: skipped (API key restricted)
[343/503] NOC: skipped (API key restricted)
[344/503] NCLH: skipped (API key restricted)
[345/503] NRG: skipped (API key restricted)
[346/503] NUE: skipped (API key restricted)
[347/503] NVDA: skipped (API key restricted)
[348/503] NVR: skipped (API key restricted)
[349/503] NXPI: skipped (API key restricted)
[350/503] ORLY: skipped (API key restricted)
[351/503] OXY: skipped (API key restricted)
[352/503] ODFL: skipped (API key restricted)
[353/503] OMC: skipped (API key restricted)
[354/503] ON: skipped (API key restricted)
[355/503] OKE: skipped (API key restricted)
[356/503] ORCL: skipped (API key restricted)
[357/503] OTIS: skipped (API key restricted)
[358/503] PCAR: skipped (API key restricted)
[359/503] PKG: skipped (API key restricted)
[360/503] PLTR: skipped (API key restricted)
[361/503] PANW: skipped (API key restricted)
[362/503] PSKY: skipped (API key restricted)
[363/503] PH: skipped (API key restricted)
[364/503] PAYX: skipped (API key restricted)
[365/503] PAYC: skipped (API key restricted)
[366/503] PYPL: skipped (API key restricted)
[367/503] PNR: skipped (API key restricted)
[368/503] PEP: skipped (API key restricted)
[369/503] PFE: skipped (API key restricted)
[370/503] PCG: skipped (API key restricted)
[371/503] PM: skipped (API key restricted)
[372/503] PSX: skipped (API key restricted)
[373/503] PNW: skipped (API key restricted)
[374/503] PNC: skipped (API key restricted)
[375/503] POOL: skipped (API key restricted)
[376/503] PPG: skipped (API key restricted)
[377/503] PPL: skipped (API key restricted)
[378/503] PFG: skipped (API key restricted)
[379/503] PG: skipped (API key restricted)
[380/503] PGR: skipped (API key restricted)
[381/503] PLD: skipped (API key restricted)
[382/503] PRU: skipped (API key restricted)
[383/503] PEG: skipped (API key restricted)
[384/503] PTC: skipped (API key restricted)
[385/503] PSA: skipped (API key restricted)
[386/503] PHM: skipped (API key restricted)
[387/503] PWR: skipped (API key restricted)
[388/503] QCOM: skipped (API key restricted)
[389/503] DGX: skipped (API key restricted)
[390/503] RL: skipped (API key restricted)
[391/503] RJF: skipped (API key restricted)
[392/503] RTX: skipped (API key restricted)
[393/503] O: skipped (API key restricted)
[394/503] REG: skipped (API key restricted)
[395/503] REGN: skipped (API key restricted)
[396/503] RF: skipped (API key restricted)
[397/503] RSG: skipped (API key restricted)
[398/503] RMD: skipped (API key restricted)
[399/503] RVTY: skipped (API key restricted)
[400/503] ROK: skipped (API key restricted)
[401/503] ROL: skipped (API key restricted)
[402/503] ROP: skipped (API key restricted)
[403/503] ROST: skipped (API key restricted)
[404/503] RCL: skipped (API key restricted)
[405/503] SPGI: skipped (API key restricted)
[406/503] CRM: skipped (API key restricted)
[407/503] SBAC: skipped (API key restricted)
[408/503] SLB: skipped (API key restricted)
[409/503] STX: skipped (API key restricted)
[410/503] SRE: skipped (API key restricted)
[411/503] NOW: skipped (API key restricted)
[412/503] SHW: skipped (API key restricted)
[413/503] SPG: skipped (API key restricted)
[414/503] SWKS: skipped (API key restricted)
[415/503] SJM: skipped (API key restricted)
[416/503] SW: skipped (API key restricted)
[417/503] SNA: skipped (API key restricted)
[418/503] SOLV: skipped (API key restricted)
[419/503] SO: skipped (API key restricted)
[420/503] LUV: skipped (API key restricted)
[421/503] SWK: skipped (API key restricted)
[422/503] SBUX: skipped (API key restricted)
[423/503] STT: skipped (API key restricted)
[424/503] STLD: skipped (API key restricted)
[425/503] STE: skipped (API key restricted)
[426/503] SYK: skipped (API key restricted)
[427/503] SMCI: skipped (API key restricted)
[428/503] SYF: skipped (API key restricted)
[429/503] SNPS: skipped (API key restricted)
[430/503] SYY: skipped (API key restricted)
[431/503] TMUS: skipped (API key restricted)
[432/503] TROW: skipped (API key restricted)
[433/503] TTWO: skipped (API key restricted)
[434/503] TPR: skipped (API key restricted)
[435/503] TRGP: skipped (API key restricted)
[436/503] TGT: skipped (API key restricted)
[437/503] TEL: skipped (API key restricted)
[438/503] TDY: skipped (API key restricted)
[439/503] TER: skipped (API key restricted)
[440/503] TSLA: skipped (API key restricted)
[441/503] TXN: skipped (API key restricted)
[442/503] TPL: skipped (API key restricted)
[443/503] TXT: skipped (API key restricted)
[444/503] TMO: skipped (API key restricted)
[445/503] TJX: skipped (API key restricted)
[446/503] TKO: skipped (API key restricted)
[447/503] TTD: skipped (API key restricted)
[448/503] TSCO: skipped (API key restricted)
[449/503] TT: skipped (API key restricted)
[450/503] TDG: skipped (API key restricted)
[451/503] TRV: skipped (API key restricted)
[452/503] TRMB: skipped (API key restricted)
[453/503] TFC: skipped (API key restricted)
[454/503] TYL: skipped (API key restricted)
[455/503] TSN: skipped (API key restricted)
[456/503] USB: skipped (API key restricted)
[457/503] UBER: skipped (API key restricted)
[458/503] UDR: skipped (API key restricted)
[459/503] ULTA: skipped (API key restricted)
[460/503] UNP: skipped (API key restricted)
[461/503] UAL: skipped (API key restricted)
[462/503] UPS: skipped (API key restricted)
[463/503] URI: skipped (API key restricted)
[464/503] UNH: skipped (API key restricted)
[465/503] UHS: skipped (API key restricted)
[466/503] VLO: skipped (API key restricted)
[467/503] VTR: skipped (API key restricted)
[468/503] VLTO: skipped (API key restricted)
[469/503] VRSN: skipped (API key restricted)
[470/503] VRSK: skipped (API key restricted)
[471/503] VZ: skipped (API key restricted)
[472/503] VRTX: skipped (API key restricted)
[473/503] VTRS: skipped (API key restricted)
[474/503] VICI: skipped (API key restricted)
[475/503] V: skipped (API key restricted)
[476/503] VST: skipped (API key restricted)
[477/503] VMC: skipped (API key restricted)
[478/503] WRB: skipped (API key restricted)
[479/503] GWW: skipped (API key restricted)
[480/503] WAB: skipped (API key restricted)
[481/503] WBA: skipped (API key restricted)
[482/503] WMT: skipped (API key restricted)
[483/503] DIS: skipped (API key restricted)
[484/503] WBD: skipped (API key restricted)
[485/503] WM: skipped (API key restricted)
[486/503] WAT: skipped (API key restricted)
[487/503] WEC: skipped (API key restricted)
[488/503] WFC: skipped (API key restricted)
[489/503] WELL: skipped (API key restricted)
[490/503] WST: skipped (API key restricted)
[491/503] WDC: skipped (API key restricted)
[492/503] WY: skipped (API key restricted)
[493/503] WSM: skipped (API key restricted)
[494/503] WMB: skipped (API key restricted)
[495/503] WTW: skipped (API key restricted)
[496/503] WDAY: skipped (API key restricted)
[497/503] WYNN: skipped (API key restricted)
[498/503] XEL: skipped (API key restricted)
[499/503] XYL: skipped (API key restricted)
[500/503] YUM: skipped (API key restricted)
[501/503] ZBRA: skipped (API key restricted)
[502/503] ZBH: skipped (API key restricted)
[503/503] ZTS: skipped (API key restricted)

Cache pass summary:
  tickers attempted: 503
  tickers with transcripts: 2
  tickers with no rows: 0
  tickers restricted by API key: 501
  tickers with other errors: 0
  total transcript rows loaded/fetched: 40
